[12-Sep-2018 22:17:15 UTC] PHP Warning:  Missing argument 2 for displaySymbol(), called in /home/ubuntu/workspace/CST336/Labs/Lab_2/777/inc/functions.php on line 4 and defined in /home/ubuntu/workspace/CST336/Labs/Lab_2/777/inc/functions.php on line 10
[12-Sep-2018 22:17:15 UTC] PHP Stack trace:
[12-Sep-2018 22:17:15 UTC] PHP   1. {main}() /home/ubuntu/workspace/CST336/Labs/Lab_2/777/index.php:0
[12-Sep-2018 22:17:15 UTC] PHP   2. include() /home/ubuntu/workspace/CST336/Labs/Lab_2/777/index.php:2
[12-Sep-2018 22:17:15 UTC] PHP   3. displaySymbol() /home/ubuntu/workspace/CST336/Labs/Lab_2/777/inc/functions.php:4
[12-Sep-2018 22:17:15 UTC] PHP Warning:  Missing argument 2 for displaySymbol(), called in /home/ubuntu/workspace/CST336/Labs/Lab_2/777/inc/functions.php on line 6 and defined in /home/ubuntu/workspace/CST336/Labs/Lab_2/777/inc/functions.php on line 10
[12-Sep-2018 22:17:15 UTC] PHP Stack trace:
[12-Sep-2018 22:17:15 UTC] PHP   1. {main}() /home/ubuntu/workspace/CST336/Labs/Lab_2/777/index.php:0
[12-Sep-2018 22:17:15 UTC] PHP   2. include() /home/ubuntu/workspace/CST336/Labs/Lab_2/777/index.php:2
[12-Sep-2018 22:17:15 UTC] PHP   3. displaySymbol() /home/ubuntu/workspace/CST336/Labs/Lab_2/777/inc/functions.php:6
[12-Sep-2018 22:17:15 UTC] PHP Warning:  Missing argument 2 for displaySymbol(), called in /home/ubuntu/workspace/CST336/Labs/Lab_2/777/inc/functions.php on line 8 and defined in /home/ubuntu/workspace/CST336/Labs/Lab_2/777/inc/functions.php on line 10
[12-Sep-2018 22:17:15 UTC] PHP Stack trace:
[12-Sep-2018 22:17:15 UTC] PHP   1. {main}() /home/ubuntu/workspace/CST336/Labs/Lab_2/777/index.php:0
[12-Sep-2018 22:17:15 UTC] PHP   2. include() /home/ubuntu/workspace/CST336/Labs/Lab_2/777/index.php:2
[12-Sep-2018 22:17:15 UTC] PHP   3. displaySymbol() /home/ubuntu/workspace/CST336/Labs/Lab_2/777/inc/functions.php:8
[12-Sep-2018 22:19:38 UTC] PHP Warning:  Missing argument 2 for displaySymbol(), called in /home/ubuntu/workspace/CST336/Labs/Lab_2/777/inc/functions.php on line 4 and defined in /home/ubuntu/workspace/CST336/Labs/Lab_2/777/inc/functions.php on line 10
[12-Sep-2018 22:19:38 UTC] PHP Stack trace:
[12-Sep-2018 22:19:38 UTC] PHP   1. {main}() /home/ubuntu/workspace/CST336/Labs/Lab_2/777/index.php:0
[12-Sep-2018 22:19:38 UTC] PHP   2. include() /home/ubuntu/workspace/CST336/Labs/Lab_2/777/index.php:2
[12-Sep-2018 22:19:38 UTC] PHP   3. displaySymbol() /home/ubuntu/workspace/CST336/Labs/Lab_2/777/inc/functions.php:4
[12-Sep-2018 22:19:38 UTC] PHP Warning:  Missing argument 2 for displaySymbol(), called in /home/ubuntu/workspace/CST336/Labs/Lab_2/777/inc/functions.php on line 6 and defined in /home/ubuntu/workspace/CST336/Labs/Lab_2/777/inc/functions.php on line 10
[12-Sep-2018 22:19:38 UTC] PHP Stack trace:
[12-Sep-2018 22:19:38 UTC] PHP   1. {main}() /home/ubuntu/workspace/CST336/Labs/Lab_2/777/index.php:0
[12-Sep-2018 22:19:38 UTC] PHP   2. include() /home/ubuntu/workspace/CST336/Labs/Lab_2/777/index.php:2
[12-Sep-2018 22:19:38 UTC] PHP   3. displaySymbol() /home/ubuntu/workspace/CST336/Labs/Lab_2/777/inc/functions.php:6
[12-Sep-2018 22:19:38 UTC] PHP Warning:  Missing argument 2 for displaySymbol(), called in /home/ubuntu/workspace/CST336/Labs/Lab_2/777/inc/functions.php on line 8 and defined in /home/ubuntu/workspace/CST336/Labs/Lab_2/777/inc/functions.php on line 10
[12-Sep-2018 22:19:38 UTC] PHP Stack trace:
[12-Sep-2018 22:19:38 UTC] PHP   1. {main}() /home/ubuntu/workspace/CST336/Labs/Lab_2/777/index.php:0
[12-Sep-2018 22:19:38 UTC] PHP   2. include() /home/ubuntu/workspace/CST336/Labs/Lab_2/777/index.php:2
[12-Sep-2018 22:19:38 UTC] PHP   3. displaySymbol() /home/ubuntu/workspace/CST336/Labs/Lab_2/777/inc/functions.php:8
[12-Sep-2018 22:22:17 UTC] PHP Warning:  Missing argument 2 for displaySymbol(), called in /home/ubuntu/workspace/CST336/Labs/Lab_2/777/inc/functions.php on line 4 and defined in /home/ubuntu/workspace/CST336/Labs/Lab_2/777/inc/functions.php on line 10
[12-Sep-2018 22:22:17 UTC] PHP Stack trace:
[12-Sep-2018 22:22:17 UTC] PHP   1. {main}() /home/ubuntu/workspace/CST336/Labs/Lab_2/777/index.php:0
[12-Sep-2018 22:22:17 UTC] PHP   2. include() /home/ubuntu/workspace/CST336/Labs/Lab_2/777/index.php:2
[12-Sep-2018 22:22:17 UTC] PHP   3. displaySymbol() /home/ubuntu/workspace/CST336/Labs/Lab_2/777/inc/functions.php:4
[12-Sep-2018 22:22:17 UTC] PHP Warning:  Missing argument 2 for displaySymbol(), called in /home/ubuntu/workspace/CST336/Labs/Lab_2/777/inc/functions.php on line 6 and defined in /home/ubuntu/workspace/CST336/Labs/Lab_2/777/inc/functions.php on line 10
[12-Sep-2018 22:22:17 UTC] PHP Stack trace:
[12-Sep-2018 22:22:17 UTC] PHP   1. {main}() /home/ubuntu/workspace/CST336/Labs/Lab_2/777/index.php:0
[12-Sep-2018 22:22:17 UTC] PHP   2. include() /home/ubuntu/workspace/CST336/Labs/Lab_2/777/index.php:2
[12-Sep-2018 22:22:17 UTC] PHP   3. displaySymbol() /home/ubuntu/workspace/CST336/Labs/Lab_2/777/inc/functions.php:6
[12-Sep-2018 22:22:17 UTC] PHP Warning:  Missing argument 2 for displaySymbol(), called in /home/ubuntu/workspace/CST336/Labs/Lab_2/777/inc/functions.php on line 8 and defined in /home/ubuntu/workspace/CST336/Labs/Lab_2/777/inc/functions.php on line 10
[12-Sep-2018 22:22:17 UTC] PHP Stack trace:
[12-Sep-2018 22:22:17 UTC] PHP   1. {main}() /home/ubuntu/workspace/CST336/Labs/Lab_2/777/index.php:0
[12-Sep-2018 22:22:17 UTC] PHP   2. include() /home/ubuntu/workspace/CST336/Labs/Lab_2/777/index.php:2
[12-Sep-2018 22:22:17 UTC] PHP   3. displaySymbol() /home/ubuntu/workspace/CST336/Labs/Lab_2/777/inc/functions.php:8
[12-Sep-2018 22:27:34 UTC] PHP Warning:  Missing argument 2 for displaySymbol(), called in /home/ubuntu/workspace/CST336/Labs/Lab_2/777/inc/functions.php on line 4 and defined in /home/ubuntu/workspace/CST336/Labs/Lab_2/777/inc/functions.php on line 10
[12-Sep-2018 22:27:34 UTC] PHP Stack trace:
[12-Sep-2018 22:27:34 UTC] PHP   1. {main}() /home/ubuntu/workspace/CST336/Labs/Lab_2/777/index.php:0
[12-Sep-2018 22:27:34 UTC] PHP   2. include() /home/ubuntu/workspace/CST336/Labs/Lab_2/777/index.php:2
[12-Sep-2018 22:27:34 UTC] PHP   3. displaySymbol() /home/ubuntu/workspace/CST336/Labs/Lab_2/777/inc/functions.php:4
[12-Sep-2018 22:27:34 UTC] PHP Warning:  Missing argument 2 for displaySymbol(), called in /home/ubuntu/workspace/CST336/Labs/Lab_2/777/inc/functions.php on line 6 and defined in /home/ubuntu/workspace/CST336/Labs/Lab_2/777/inc/functions.php on line 10
[12-Sep-2018 22:27:34 UTC] PHP Stack trace:
[12-Sep-2018 22:27:34 UTC] PHP   1. {main}() /home/ubuntu/workspace/CST336/Labs/Lab_2/777/index.php:0
[12-Sep-2018 22:27:34 UTC] PHP   2. include() /home/ubuntu/workspace/CST336/Labs/Lab_2/777/index.php:2
[12-Sep-2018 22:27:34 UTC] PHP   3. displaySymbol() /home/ubuntu/workspace/CST336/Labs/Lab_2/777/inc/functions.php:6
[12-Sep-2018 22:27:34 UTC] PHP Warning:  Missing argument 2 for displaySymbol(), called in /home/ubuntu/workspace/CST336/Labs/Lab_2/777/inc/functions.php on line 8 and defined in /home/ubuntu/workspace/CST336/Labs/Lab_2/777/inc/functions.php on line 10
[12-Sep-2018 22:27:34 UTC] PHP Stack trace:
[12-Sep-2018 22:27:34 UTC] PHP   1. {main}() /home/ubuntu/workspace/CST336/Labs/Lab_2/777/index.php:0
[12-Sep-2018 22:27:34 UTC] PHP   2. include() /home/ubuntu/workspace/CST336/Labs/Lab_2/777/index.php:2
[12-Sep-2018 22:27:34 UTC] PHP   3. displaySymbol() /home/ubuntu/workspace/CST336/Labs/Lab_2/777/inc/functions.php:8
